This file contains any messages produced by compilers while
running configure, to aid debugging if configure makes a mistake.

It was created by configure, which was
generated by GNU Autoconf 2.69.  Invocation command line was

  $ ./configure 

## --------- ##
## Platform. ##
## --------- ##

hostname = X230-ubuntu
uname -m = x86_64
uname -r = 4.15.0-20-generic
uname -s = Linux
uname -v = #21-Ubuntu SMP Tue Apr 24 06:16:15 UTC 2018

/usr/bin/uname -p = unknown
/bin/uname -X     = unknown

/bin/arch              = unknown
/usr/bin/arch -k       = unknown
/usr/convex/getsysinfo = unknown
/usr/bin/hostinfo      = unknown
/bin/machine           = unknown
/usr/bin/oslevel       = unknown
/bin/universe          = unknown

PATH: /usr/local/sbin
PATH: /usr/local/bin
PATH: /usr/sbin
PATH: /usr/bin
PATH: /sbin
PATH: /bin
PATH: /usr/games
PATH: /usr/local/games
PATH: /snap/bin


## ----------- ##
## Core tests. ##
## ----------- ##

configure:2517: checking build system type
configure:2531: result: x86_64-pc-linux-gnu
configure:2551: checking host system type
configure:2564: result: x86_64-pc-linux-gnu
configure:2584: checking target system type
configure:2597: result: x86_64-pc-linux-gnu
configure:2660: checking for a BSD-compatible install
configure:2728: result: /usr/bin/install -c
configure:2739: checking whether build environment is sane
configure:2794: result: yes
configure:2945: checking for a thread-safe mkdir -p
configure:2984: result: /bin/mkdir -p
configure:2991: checking for gawk
configure:3021: result: no
configure:2991: checking for mawk
configure:3007: found /usr/bin/mawk
configure:3018: result: mawk
configure:3029: checking whether make sets $(MAKE)
configure:3051: result: yes
configure:3080: checking whether make supports nested variables
configure:3097: result: yes
configure:3216: checking whether to enable maintainer-specific portions of Makefiles
configure:3225: result: no
configure:3288: checking for gcc
configure:3304: found /usr/bin/gcc
configure:3315: result: gcc
configure:3544: checking for C compiler version
configure:3553: gcc --version >&5
gcc (Ubuntu 7.4.0-1ubuntu1~18.04.1) 7.4.0
Copyright (C) 2017 Free Software Foundation, Inc.
This is free software; see the source for copying conditions.  There is NO
warranty; not even for MERCHANTABILITY or FITNESS FOR A PARTICULAR PURPOSE.

configure:3564: $? = 0
configure:3553: gcc -v >&5
Using built-in specs.
COLLECT_GCC=gcc
COLLECT_LTO_WRAPPER=/usr/lib/gcc/x86_64-linux-gnu/7/lto-wrapper
OFFLOAD_TARGET_NAMES=nvptx-none
OFFLOAD_TARGET_DEFAULT=1
Target: x86_64-linux-gnu
Configured with: ../src/configure -v --with-pkgversion='Ubuntu 7.4.0-1ubuntu1~18.04.1' --with-bugurl=file:///usr/share/doc/gcc-7/README.Bugs --enable-languages=c,ada,c++,go,brig,d,fortran,objc,obj-c++ --prefix=/usr --with-gcc-major-version-only --program-suffix=-7 --program-prefix=x86_64-linux-gnu- --enable-shared --enable-linker-build-id --libexecdir=/usr/lib --without-included-gettext --enable-threads=posix --libdir=/usr/lib --enable-nls --with-sysroot=/ --enable-clocale=gnu --enable-libstdcxx-debug --enable-libstdcxx-time=yes --with-default-libstdcxx-abi=new --enable-gnu-unique-object --disable-vtable-verify --enable-libmpx --enable-plugin --enable-default-pie --with-system-zlib --with-target-system-zlib --enable-objc-gc=auto --enable-multiarch --disable-werror --with-arch-32=i686 --with-abi=m64 --with-multilib-list=m32,m64,mx32 --enable-multilib --with-tune=generic --enable-offload-targets=nvptx-none --without-cuda-driver --enable-checking=release --build=x86_64-linux-gnu --host=x86_64-linux-gnu --target=x86_64-linux-gnu
Thread model: posix
gcc version 7.4.0 (Ubuntu 7.4.0-1ubuntu1~18.04.1) 
configure:3564: $? = 0
configure:3553: gcc -V >&5
gcc: error: unrecognized command line option '-V'
gcc: fatal error: no input files
compilation terminated.
configure:3564: $? = 1
configure:3553: gcc -qversion >&5
gcc: error: unrecognized command line option '-qversion'; did you mean '--version'?
gcc: fatal error: no input files
compilation terminated.
configure:3564: $? = 1
configure:3584: checking whether the C compiler works
configure:3606: gcc    conftest.c  >&5
configure:3610: $? = 0
configure:3658: result: yes
configure:3661: checking for C compiler default output file name
configure:3663: result: a.out
configure:3669: checking for suffix of executables
configure:3676: gcc -o conftest    conftest.c  >&5
configure:3680: $? = 0
configure:3702: result: 
configure:3724: checking whether we are cross compiling
configure:3732: gcc -o conftest    conftest.c  >&5
configure:3736: $? = 0
configure:3743: ./conftest
configure:3747: $? = 0
configure:3762: result: no
configure:3767: checking for suffix of object files
configure:3789: gcc -c   conftest.c >&5
configure:3793: $? = 0
configure:3814: result: o
configure:3818: checking whether we are using the GNU C compiler
configure:3837: gcc -c   conftest.c >&5
configure:3837: $? = 0
configure:3846: result: yes
configure:3855: checking whether gcc accepts -g
configure:3875: gcc -c -g  conftest.c >&5
configure:3875: $? = 0
configure:3916: result: yes
configure:3933: checking for gcc option to accept ISO C89
configure:3996: gcc  -c -g -O2  conftest.c >&5
configure:3996: $? = 0
configure:4009: result: none needed
configure:4034: checking whether gcc understands -c and -o together
configure:4056: gcc -c conftest.c -o conftest2.o
configure:4059: $? = 0
configure:4056: gcc -c conftest.c -o conftest2.o
configure:4059: $? = 0
configure:4071: result: yes
configure:4099: checking for style of include used by make
configure:4127: result: GNU
configure:4153: checking dependency style of gcc
configure:4264: result: gcc3
configure:4638: checking how to print strings
configure:4665: result: printf
configure:4686: checking for a sed that does not truncate output
configure:4750: result: /bin/sed
configure:4768: checking for grep that handles long lines and -e
configure:4826: result: /bin/grep
configure:4831: checking for egrep
configure:4893: result: /bin/grep -E
configure:4898: checking for fgrep
configure:4960: result: /bin/grep -F
configure:4995: checking for ld used by gcc
configure:5062: result: /usr/bin/ld
configure:5069: checking if the linker (/usr/bin/ld) is GNU ld
configure:5084: result: yes
configure:5096: checking for BSD- or MS-compatible name lister (nm)
configure:5150: result: /usr/bin/nm -B
configure:5280: checking the name lister (/usr/bin/nm -B) interface
configure:5287: gcc -c -g -O2  conftest.c >&5
configure:5290: /usr/bin/nm -B "conftest.o"
configure:5293: output
0000000000000000 B some_variable
configure:5300: result: BSD nm
configure:5303: checking whether ln -s works
configure:5307: result: yes
configure:5315: checking the maximum length of command line arguments
configure:5446: result: 1572864
configure:5494: checking how to convert x86_64-pc-linux-gnu file names to x86_64-pc-linux-gnu format
configure:5534: result: func_convert_file_noop
configure:5541: checking how to convert x86_64-pc-linux-gnu file names to toolchain format
configure:5561: result: func_convert_file_noop
configure:5568: checking for /usr/bin/ld option to reload object files
configure:5575: result: -r
configure:5649: checking for objdump
configure:5676: result: objdump
configure:5705: checking how to recognize dependent libraries
configure:5905: result: pass_all
configure:5990: checking for dlltool
configure:6017: result: dlltool
configure:6047: checking how to associate runtime and link libraries
configure:6074: result: printf %s\n
configure:6135: checking for ar
configure:6151: found /usr/bin/ar
configure:6162: result: ar
configure:6199: checking for archiver @FILE support
configure:6216: gcc -c -g -O2  conftest.c >&5
configure:6216: $? = 0
configure:6219: ar cru libconftest.a @conftest.lst >&5
ar: `u' modifier ignored since `D' is the default (see `U')
configure:6222: $? = 0
configure:6227: ar cru libconftest.a @conftest.lst >&5
ar: `u' modifier ignored since `D' is the default (see `U')
ar: conftest.o: No such file or directory
configure:6230: $? = 1
configure:6242: result: @
configure:6300: checking for strip
configure:6316: found /usr/bin/strip
configure:6327: result: strip
configure:6399: checking for ranlib
configure:6415: found /usr/bin/ranlib
configure:6426: result: ranlib
configure:6528: checking command to parse /usr/bin/nm -B output from gcc object
configure:6681: gcc -c -g -O2  conftest.c >&5
configure:6684: $? = 0
configure:6688: /usr/bin/nm -B conftest.o \| sed -n -e 's/^.*[ ]\([ABCDGIRSTW][ABCDGIRSTW]*\)[ ][ ]*\([_A-Za-z][_A-Za-z0-9]*\)$/\1 \2 \2/p' | sed '/ __gnu_lto/d' \> conftest.nm
configure:6691: $? = 0
configure:6757: gcc -o conftest -g -O2   conftest.c conftstm.o >&5
configure:6760: $? = 0
configure:6798: result: ok
configure:6845: checking for sysroot
configure:6875: result: no
configure:6882: checking for a working dd
configure:6920: result: /bin/dd
configure:6924: checking how to truncate binary pipes
configure:6939: result: /bin/dd bs=4096 count=1
configure:7075: gcc -c -g -O2  conftest.c >&5
configure:7078: $? = 0
configure:7268: checking for mt
configure:7284: found /bin/mt
configure:7295: result: mt
configure:7318: checking if mt is a manifest tool
configure:7324: mt '-?'
configure:7332: result: no
configure:8009: checking how to run the C preprocessor
configure:8040: gcc -E  conftest.c
configure:8040: $? = 0
configure:8054: gcc -E  conftest.c
conftest.c:10:10: fatal error: ac_nonexistent.h: No such file or directory
 #include <ac_nonexistent.h>
          ^~~~~~~~~~~~~~~~~~
compilation terminated.
configure:8054: $? = 1
configure: failed program was:
| /* confdefs.h */
| #define PACKAGE_NAME ""
| #define PACKAGE_TARNAME ""
| #define PACKAGE_VERSION ""
| #define PACKAGE_STRING ""
| #define PACKAGE_BUGREPORT ""
| #define PACKAGE_URL ""
| #define USE_UNSTABLE_GEOS_CPP_API 1
| /* end confdefs.h.  */
| #include <ac_nonexistent.h>
configure:8079: result: gcc -E
configure:8099: gcc -E  conftest.c
configure:8099: $? = 0
configure:8113: gcc -E  conftest.c
conftest.c:10:10: fatal error: ac_nonexistent.h: No such file or directory
 #include <ac_nonexistent.h>
          ^~~~~~~~~~~~~~~~~~
compilation terminated.
configure:8113: $? = 1
configure: failed program was:
| /* confdefs.h */
| #define PACKAGE_NAME ""
| #define PACKAGE_TARNAME ""
| #define PACKAGE_VERSION ""
| #define PACKAGE_STRING ""
| #define PACKAGE_BUGREPORT ""
| #define PACKAGE_URL ""
| #define USE_UNSTABLE_GEOS_CPP_API 1
| /* end confdefs.h.  */
| #include <ac_nonexistent.h>
configure:8142: checking for ANSI C header files
configure:8162: gcc -c -g -O2  conftest.c >&5
configure:8162: $? = 0
configure:8235: gcc -o conftest -g -O2   conftest.c  >&5
configure:8235: $? = 0
configure:8235: ./conftest
configure:8235: $? = 0
configure:8246: result: yes
configure:8259: checking for sys/types.h
configure:8259: gcc -c -g -O2  conftest.c >&5
configure:8259: $? = 0
configure:8259: result: yes
configure:8259: checking for sys/stat.h
configure:8259: gcc -c -g -O2  conftest.c >&5
configure:8259: $? = 0
configure:8259: result: yes
configure:8259: checking for stdlib.h
configure:8259: gcc -c -g -O2  conftest.c >&5
configure:8259: $? = 0
configure:8259: result: yes
configure:8259: checking for string.h
configure:8259: gcc -c -g -O2  conftest.c >&5
configure:8259: $? = 0
configure:8259: result: yes
configure:8259: checking for memory.h
configure:8259: gcc -c -g -O2  conftest.c >&5
configure:8259: $? = 0
configure:8259: result: yes
configure:8259: checking for strings.h
configure:8259: gcc -c -g -O2  conftest.c >&5
configure:8259: $? = 0
configure:8259: result: yes
configure:8259: checking for inttypes.h
configure:8259: gcc -c -g -O2  conftest.c >&5
configure:8259: $? = 0
configure:8259: result: yes
configure:8259: checking for stdint.h
configure:8259: gcc -c -g -O2  conftest.c >&5
configure:8259: $? = 0
configure:8259: result: yes
configure:8259: checking for unistd.h
configure:8259: gcc -c -g -O2  conftest.c >&5
configure:8259: $? = 0
configure:8259: result: yes
configure:8273: checking for dlfcn.h
configure:8273: gcc -c -g -O2  conftest.c >&5
configure:8273: $? = 0
configure:8273: result: yes
configure:8525: checking for objdir
configure:8540: result: .libs
configure:8804: checking if gcc supports -fno-rtti -fno-exceptions
configure:8822: gcc -c -g -O2  -fno-rtti -fno-exceptions conftest.c >&5
cc1: warning: command line option '-fno-rtti' is valid for C++/ObjC++ but not for C
configure:8826: $? = 0
configure:8839: result: no
configure:9197: checking for gcc option to produce PIC
configure:9204: result: -fPIC -DPIC
configure:9212: checking if gcc PIC flag -fPIC -DPIC works
configure:9230: gcc -c -g -O2  -fPIC -DPIC -DPIC conftest.c >&5
configure:9234: $? = 0
configure:9247: result: yes
configure:9276: checking if gcc static flag -static works
configure:9304: result: yes
configure:9319: checking if gcc supports -c -o file.o
configure:9340: gcc -c -g -O2  -o out/conftest2.o conftest.c >&5
configure:9344: $? = 0
configure:9366: result: yes
configure:9374: checking if gcc supports -c -o file.o
configure:9421: result: yes
configure:9454: checking whether the gcc linker (/usr/bin/ld -m elf_x86_64) supports shared libraries
configure:10717: result: yes
configure:10754: checking whether -lc should be explicitly linked in
configure:10762: gcc -c -g -O2  conftest.c >&5
configure:10765: $? = 0
configure:10780: gcc -shared  -fPIC -DPIC conftest.o  -v -Wl,-soname -Wl,conftest -o conftest 2\>\&1 \| /bin/grep  -lc  \>/dev/null 2\>\&1
configure:10783: $? = 0
configure:10797: result: no
configure:10957: checking dynamic linker characteristics
configure:11538: gcc -o conftest -g -O2   -Wl,-rpath -Wl,/foo conftest.c  >&5
configure:11538: $? = 0
configure:11787: result: GNU/Linux ld.so
configure:11909: checking how to hardcode library paths into programs
configure:11934: result: immediate
configure:12036: checking for shl_load
configure:12036: gcc -o conftest -g -O2   conftest.c  >&5
/tmp/cccVDNNu.o: In function `main':
/opt/lampp/htdocs/SIMTR/geos-3.7.0beta1/conftest.c:56: undefined reference to `shl_load'
collect2: error: ld returned 1 exit status
configure:12036: $? = 1
configure: failed program was:
| /* confdefs.h */
| #define PACKAGE_NAME ""
| #define PACKAGE_TARNAME ""
| #define PACKAGE_VERSION ""
| #define PACKAGE_STRING ""
| #define PACKAGE_BUGREPORT ""
| #define PACKAGE_URL ""
| #define USE_UNSTABLE_GEOS_CPP_API 1
| #define STDC_HEADERS 1
| #define HAVE_SYS_TYPES_H 1
| #define HAVE_SYS_STAT_H 1
| #define HAVE_STDLIB_H 1
| #define HAVE_STRING_H 1
| #define HAVE_MEMORY_H 1
| #define HAVE_STRINGS_H 1
| #define HAVE_INTTYPES_H 1
| #define HAVE_STDINT_H 1
| #define HAVE_UNISTD_H 1
| #define HAVE_DLFCN_H 1
| #define LT_OBJDIR ".libs/"
| /* end confdefs.h.  */
| /* Define shl_load to an innocuous variant, in case <limits.h> declares shl_load.
|    For example, HP-UX 11i <limits.h> declares gettimeofday.  */
| #define shl_load innocuous_shl_load
| 
| /* System header to define __stub macros and hopefully few prototypes,
|     which can conflict with char shl_load (); below.
|     Prefer <limits.h> to <assert.h> if __STDC__ is defined, since
|     <limits.h> exists even on freestanding compilers.  */
| 
| #ifdef __STDC__
| # include <limits.h>
| #else
| # include <assert.h>
| #endif
| 
| #undef shl_load
| 
| /* Override any GCC internal prototype to avoid an error.
|    Use char because int might match the return type of a GCC
|    builtin and then its argument prototype would still apply.  */
| #ifdef __cplusplus
| extern "C"
| #endif
| char shl_load ();
| /* The GNU C library defines this for functions which it implements
|     to always fail with ENOSYS.  Some functions are actually named
|     something starting with __ and the normal name is an alias.  */
| #if defined __stub_shl_load || defined __stub___shl_load
| choke me
| #endif
| 
| int
| main ()
| {
| return shl_load ();
|   ;
|   return 0;
| }
configure:12036: result: no
configure:12040: checking for shl_load in -ldld
configure:12065: gcc -o conftest -g -O2   conftest.c -ldld   >&5
/usr/bin/ld: cannot find -ldld
collect2: error: ld returned 1 exit status
configure:12065: $? = 1
configure: failed program was:
| /* confdefs.h */
| #define PACKAGE_NAME ""
| #define PACKAGE_TARNAME ""
| #define PACKAGE_VERSION ""
| #define PACKAGE_STRING ""
| #define PACKAGE_BUGREPORT ""
| #define PACKAGE_URL ""
| #define USE_UNSTABLE_GEOS_CPP_API 1
| #define STDC_HEADERS 1
| #define HAVE_SYS_TYPES_H 1
| #define HAVE_SYS_STAT_H 1
| #define HAVE_STDLIB_H 1
| #define HAVE_STRING_H 1
| #define HAVE_MEMORY_H 1
| #define HAVE_STRINGS_H 1
| #define HAVE_INTTYPES_H 1
| #define HAVE_STDINT_H 1
| #define HAVE_UNISTD_H 1
| #define HAVE_DLFCN_H 1
| #define LT_OBJDIR ".libs/"
| /* end confdefs.h.  */
| 
| /* Override any GCC internal prototype to avoid an error.
|    Use char because int might match the return type of a GCC
|    builtin and then its argument prototype would still apply.  */
| #ifdef __cplusplus
| extern "C"
| #endif
| char shl_load ();
| int
| main ()
| {
| return shl_load ();
|   ;
|   return 0;
| }
configure:12074: result: no
configure:12079: checking for dlopen
configure:12079: gcc -o conftest -g -O2   conftest.c  >&5
/tmp/ccSPzYCB.o: In function `main':
/opt/lampp/htdocs/SIMTR/geos-3.7.0beta1/conftest.c:56: undefined reference to `dlopen'
collect2: error: ld returned 1 exit status
configure:12079: $? = 1
configure: failed program was:
| /* confdefs.h */
| #define PACKAGE_NAME ""
| #define PACKAGE_TARNAME ""
| #define PACKAGE_VERSION ""
| #define PACKAGE_STRING ""
| #define PACKAGE_BUGREPORT ""
| #define PACKAGE_URL ""
| #define USE_UNSTABLE_GEOS_CPP_API 1
| #define STDC_HEADERS 1
| #define HAVE_SYS_TYPES_H 1
| #define HAVE_SYS_STAT_H 1
| #define HAVE_STDLIB_H 1
| #define HAVE_STRING_H 1
| #define HAVE_MEMORY_H 1
| #define HAVE_STRINGS_H 1
| #define HAVE_INTTYPES_H 1
| #define HAVE_STDINT_H 1
| #define HAVE_UNISTD_H 1
| #define HAVE_DLFCN_H 1
| #define LT_OBJDIR ".libs/"
| /* end confdefs.h.  */
| /* Define dlopen to an innocuous variant, in case <limits.h> declares dlopen.
|    For example, HP-UX 11i <limits.h> declares gettimeofday.  */
| #define dlopen innocuous_dlopen
| 
| /* System header to define __stub macros and hopefully few prototypes,
|     which can conflict with char dlopen (); below.
|     Prefer <limits.h> to <assert.h> if __STDC__ is defined, since
|     <limits.h> exists even on freestanding compilers.  */
| 
| #ifdef __STDC__
| # include <limits.h>
| #else
| # include <assert.h>
| #endif
| 
| #undef dlopen
| 
| /* Override any GCC internal prototype to avoid an error.
|    Use char because int might match the return type of a GCC
|    builtin and then its argument prototype would still apply.  */
| #ifdef __cplusplus
| extern "C"
| #endif
| char dlopen ();
| /* The GNU C library defines this for functions which it implements
|     to always fail with ENOSYS.  Some functions are actually named
|     something starting with __ and the normal name is an alias.  */
| #if defined __stub_dlopen || defined __stub___dlopen
| choke me
| #endif
| 
| int
| main ()
| {
| return dlopen ();
|   ;
|   return 0;
| }
configure:12079: result: no
configure:12083: checking for dlopen in -ldl
configure:12108: gcc -o conftest -g -O2   conftest.c -ldl   >&5
configure:12108: $? = 0
configure:12117: result: yes
configure:12236: checking whether a program can dlopen itself
configure:12316: gcc -o conftest -g -O2  -DHAVE_DLFCN_H  -Wl,--export-dynamic conftest.c -ldl  >&5
configure:12319: $? = 0
configure:12337: result: yes
configure:12342: checking whether a statically linked program can dlopen itself
configure:12422: gcc -o conftest -g -O2  -DHAVE_DLFCN_H  -Wl,--export-dynamic -static conftest.c -ldl  >&5
/tmp/ccxw1TGC.o: In function `main':
/opt/lampp/htdocs/SIMTR/geos-3.7.0beta1/configure:12401: warning: Using 'dlopen' in statically linked applications requires at runtime the shared libraries from the glibc version used for linking
configure:12425: $? = 0
conftest: undefined symbol: _fnord
configure:12443: result: no
configure:12482: checking whether stripping libraries is possible
configure:12487: result: yes
configure:12522: checking if libtool supports shared libraries
configure:12524: result: yes
configure:12527: checking whether to build shared libraries
configure:12552: result: yes
configure:12555: checking whether to build static libraries
configure:12559: result: yes
configure:12655: checking for g++
configure:12671: found /usr/bin/g++
configure:12682: result: g++
configure:12709: checking for C++ compiler version
configure:12718: g++ --version >&5
g++ (Ubuntu 7.4.0-1ubuntu1~18.04.1) 7.4.0
Copyright (C) 2017 Free Software Foundation, Inc.
This is free software; see the source for copying conditions.  There is NO
warranty; not even for MERCHANTABILITY or FITNESS FOR A PARTICULAR PURPOSE.

configure:12729: $? = 0
configure:12718: g++ -v >&5
Using built-in specs.
COLLECT_GCC=g++
COLLECT_LTO_WRAPPER=/usr/lib/gcc/x86_64-linux-gnu/7/lto-wrapper
OFFLOAD_TARGET_NAMES=nvptx-none
OFFLOAD_TARGET_DEFAULT=1
Target: x86_64-linux-gnu
Configured with: ../src/configure -v --with-pkgversion='Ubuntu 7.4.0-1ubuntu1~18.04.1' --with-bugurl=file:///usr/share/doc/gcc-7/README.Bugs --enable-languages=c,ada,c++,go,brig,d,fortran,objc,obj-c++ --prefix=/usr --with-gcc-major-version-only --program-suffix=-7 --program-prefix=x86_64-linux-gnu- --enable-shared --enable-linker-build-id --libexecdir=/usr/lib --without-included-gettext --enable-threads=posix --libdir=/usr/lib --enable-nls --with-sysroot=/ --enable-clocale=gnu --enable-libstdcxx-debug --enable-libstdcxx-time=yes --with-default-libstdcxx-abi=new --enable-gnu-unique-object --disable-vtable-verify --enable-libmpx --enable-plugin --enable-default-pie --with-system-zlib --with-target-system-zlib --enable-objc-gc=auto --enable-multiarch --disable-werror --with-arch-32=i686 --with-abi=m64 --with-multilib-list=m32,m64,mx32 --enable-multilib --with-tune=generic --enable-offload-targets=nvptx-none --without-cuda-driver --enable-checking=release --build=x86_64-linux-gnu --host=x86_64-linux-gnu --target=x86_64-linux-gnu
Thread model: posix
gcc version 7.4.0 (Ubuntu 7.4.0-1ubuntu1~18.04.1) 
configure:12729: $? = 0
configure:12718: g++ -V >&5
g++: error: unrecognized command line option '-V'
g++: fatal error: no input files
compilation terminated.
configure:12729: $? = 1
configure:12718: g++ -qversion >&5
g++: error: unrecognized command line option '-qversion'; did you mean '--version'?
g++: fatal error: no input files
compilation terminated.
configure:12729: $? = 1
configure:12733: checking whether we are using the GNU C++ compiler
configure:12752: g++ -c   conftest.cpp >&5
configure:12752: $? = 0
configure:12761: result: yes
configure:12770: checking whether g++ accepts -g
configure:12790: g++ -c -g  conftest.cpp >&5
configure:12790: $? = 0
configure:12831: result: yes
configure:12856: checking dependency style of g++
configure:12967: result: gcc3
configure:13000: checking how to run the C++ preprocessor
configure:13027: g++ -E  conftest.cpp
configure:13027: $? = 0
configure:13041: g++ -E  conftest.cpp
conftest.cpp:22:10: fatal error: ac_nonexistent.h: No such file or directory
 #include <ac_nonexistent.h>
          ^~~~~~~~~~~~~~~~~~
compilation terminated.
configure:13041: $? = 1
configure: failed program was:
| /* confdefs.h */
| #define PACKAGE_NAME ""
| #define PACKAGE_TARNAME ""
| #define PACKAGE_VERSION ""
| #define PACKAGE_STRING ""
| #define PACKAGE_BUGREPORT ""
| #define PACKAGE_URL ""
| #define USE_UNSTABLE_GEOS_CPP_API 1
| #define STDC_HEADERS 1
| #define HAVE_SYS_TYPES_H 1
| #define HAVE_SYS_STAT_H 1
| #define HAVE_STDLIB_H 1
| #define HAVE_STRING_H 1
| #define HAVE_MEMORY_H 1
| #define HAVE_STRINGS_H 1
| #define HAVE_INTTYPES_H 1
| #define HAVE_STDINT_H 1
| #define HAVE_UNISTD_H 1
| #define HAVE_DLFCN_H 1
| #define LT_OBJDIR ".libs/"
| /* end confdefs.h.  */
| #include <ac_nonexistent.h>
configure:13066: result: g++ -E
configure:13086: g++ -E  conftest.cpp
configure:13086: $? = 0
configure:13100: g++ -E  conftest.cpp
conftest.cpp:22:10: fatal error: ac_nonexistent.h: No such file or directory
 #include <ac_nonexistent.h>
          ^~~~~~~~~~~~~~~~~~
compilation terminated.
configure:13100: $? = 1
configure: failed program was:
| /* confdefs.h */
| #define PACKAGE_NAME ""
| #define PACKAGE_TARNAME ""
| #define PACKAGE_VERSION ""
| #define PACKAGE_STRING ""
| #define PACKAGE_BUGREPORT ""
| #define PACKAGE_URL ""
| #define USE_UNSTABLE_GEOS_CPP_API 1
| #define STDC_HEADERS 1
| #define HAVE_SYS_TYPES_H 1
| #define HAVE_SYS_STAT_H 1
| #define HAVE_STDLIB_H 1
| #define HAVE_STRING_H 1
| #define HAVE_MEMORY_H 1
| #define HAVE_STRINGS_H 1
| #define HAVE_INTTYPES_H 1
| #define HAVE_STDINT_H 1
| #define HAVE_UNISTD_H 1
| #define HAVE_DLFCN_H 1
| #define LT_OBJDIR ".libs/"
| /* end confdefs.h.  */
| #include <ac_nonexistent.h>
configure:13262: checking for ld used by g++
configure:13329: result: /usr/bin/ld -m elf_x86_64
configure:13336: checking if the linker (/usr/bin/ld -m elf_x86_64) is GNU ld
configure:13351: result: yes
configure:13406: checking whether the g++ linker (/usr/bin/ld -m elf_x86_64) supports shared libraries
configure:14479: result: yes
configure:14515: g++ -c -g -O2  conftest.cpp >&5
configure:14518: $? = 0
configure:14999: checking for g++ option to produce PIC
configure:15006: result: -fPIC -DPIC
configure:15014: checking if g++ PIC flag -fPIC -DPIC works
configure:15032: g++ -c -g -O2  -fPIC -DPIC -DPIC conftest.cpp >&5
configure:15036: $? = 0
configure:15049: result: yes
configure:15072: checking if g++ static flag -static works
configure:15100: result: yes
configure:15112: checking if g++ supports -c -o file.o
configure:15133: g++ -c -g -O2  -o out/conftest2.o conftest.cpp >&5
configure:15137: $? = 0
configure:15159: result: yes
configure:15164: checking if g++ supports -c -o file.o
configure:15211: result: yes
configure:15241: checking whether the g++ linker (/usr/bin/ld -m elf_x86_64) supports shared libraries
configure:15284: result: yes
configure:15425: checking dynamic linker characteristics
configure:16182: result: GNU/Linux ld.so
configure:16247: checking how to hardcode library paths into programs
configure:16272: result: immediate
configure:16312: checking for library containing strerror
configure:16343: gcc -o conftest -g -O2   conftest.c  >&5
configure:16343: $? = 0
configure:16360: result: none required
configure:16369: checking whether make sets $(MAKE)
configure:16391: result: yes
configure:16404: checking for dirent.h that defines DIR
configure:16423: gcc -c -g -O2  conftest.c >&5
configure:16423: $? = 0
configure:16431: result: yes
configure:16444: checking for library containing opendir
configure:16475: gcc -o conftest -g -O2   conftest.c  >&5
configure:16475: $? = 0
configure:16492: result: none required
configure:16559: checking whether closedir returns void
configure:16583: gcc -o conftest -g -O2   conftest.c  >&5
configure:16583: $? = 0
configure:16583: ./conftest
configure:16583: $? = 0
configure:16593: result: no
configure:16601: checking for working memcmp
configure:16644: gcc -o conftest -g -O2   conftest.c  >&5
configure:16644: $? = 0
configure:16644: ./conftest
configure:16644: $? = 0
configure:16654: result: yes
configure:16665: checking for strftime
configure:16665: gcc -o conftest -g -O2   conftest.c  >&5
conftest.c:46:6: warning: conflicting types for built-in function 'strftime' [-Wbuiltin-declaration-mismatch]
 char strftime ();
      ^~~~~~~~
configure:16665: $? = 0
configure:16665: result: yes
configure:16720: checking for vprintf
configure:16720: gcc -o conftest -g -O2   conftest.c  >&5
conftest.c:47:6: warning: conflicting types for built-in function 'vprintf' [-Wbuiltin-declaration-mismatch]
 char vprintf ();
      ^~~~~~~
configure:16720: $? = 0
configure:16720: result: yes
configure:16726: checking for _doprnt
configure:16726: gcc -o conftest -g -O2   conftest.c  >&5
/tmp/ccnfwVVJ.o: In function `main':
/opt/lampp/htdocs/SIMTR/geos-3.7.0beta1/conftest.c:59: undefined reference to `_doprnt'
collect2: error: ld returned 1 exit status
configure:16726: $? = 1
configure: failed program was:
| /* confdefs.h */
| #define PACKAGE_NAME ""
| #define PACKAGE_TARNAME ""
| #define PACKAGE_VERSION ""
| #define PACKAGE_STRING ""
| #define PACKAGE_BUGREPORT ""
| #define PACKAGE_URL ""
| #define USE_UNSTABLE_GEOS_CPP_API 1
| #define STDC_HEADERS 1
| #define HAVE_SYS_TYPES_H 1
| #define HAVE_SYS_STAT_H 1
| #define HAVE_STDLIB_H 1
| #define HAVE_STRING_H 1
| #define HAVE_MEMORY_H 1
| #define HAVE_STRINGS_H 1
| #define HAVE_INTTYPES_H 1
| #define HAVE_STDINT_H 1
| #define HAVE_UNISTD_H 1
| #define HAVE_DLFCN_H 1
| #define LT_OBJDIR ".libs/"
| #define HAVE_DIRENT_H 1
| #define HAVE_STRFTIME 1
| #define HAVE_VPRINTF 1
| /* end confdefs.h.  */
| /* Define _doprnt to an innocuous variant, in case <limits.h> declares _doprnt.
|    For example, HP-UX 11i <limits.h> declares gettimeofday.  */
| #define _doprnt innocuous__doprnt
| 
| /* System header to define __stub macros and hopefully few prototypes,
|     which can conflict with char _doprnt (); below.
|     Prefer <limits.h> to <assert.h> if __STDC__ is defined, since
|     <limits.h> exists even on freestanding compilers.  */
| 
| #ifdef __STDC__
| # include <limits.h>
| #else
| # include <assert.h>
| #endif
| 
| #undef _doprnt
| 
| /* Override any GCC internal prototype to avoid an error.
|    Use char because int might match the return type of a GCC
|    builtin and then its argument prototype would still apply.  */
| #ifdef __cplusplus
| extern "C"
| #endif
| char _doprnt ();
| /* The GNU C library defines this for functions which it implements
|     to always fail with ENOSYS.  Some functions are actually named
|     something starting with __ and the normal name is an alias.  */
| #if defined __stub__doprnt || defined __stub____doprnt
| choke me
| #endif
| 
| int
| main ()
| {
| return _doprnt ();
|   ;
|   return 0;
| }
configure:16726: result: no
configure:16737: checking for size_t
configure:16737: gcc -c -g -O2  conftest.c >&5
configure:16737: $? = 0
configure:16737: gcc -c -g -O2  conftest.c >&5
conftest.c: In function 'main':
conftest.c:61:21: error: expected expression before ')' token
 if (sizeof ((size_t)))
                     ^
configure:16737: $? = 1
configure: failed program was:
| /* confdefs.h */
| #define PACKAGE_NAME ""
| #define PACKAGE_TARNAME ""
| #define PACKAGE_VERSION ""
| #define PACKAGE_STRING ""
| #define PACKAGE_BUGREPORT ""
| #define PACKAGE_URL ""
| #define USE_UNSTABLE_GEOS_CPP_API 1
| #define STDC_HEADERS 1
| #define HAVE_SYS_TYPES_H 1
| #define HAVE_SYS_STAT_H 1
| #define HAVE_STDLIB_H 1
| #define HAVE_STRING_H 1
| #define HAVE_MEMORY_H 1
| #define HAVE_STRINGS_H 1
| #define HAVE_INTTYPES_H 1
| #define HAVE_STDINT_H 1
| #define HAVE_UNISTD_H 1
| #define HAVE_DLFCN_H 1
| #define LT_OBJDIR ".libs/"
| #define HAVE_DIRENT_H 1
| #define HAVE_STRFTIME 1
| #define HAVE_VPRINTF 1
| /* end confdefs.h.  */
| #include <stdio.h>
| #ifdef HAVE_SYS_TYPES_H
| # include <sys/types.h>
| #endif
| #ifdef HAVE_SYS_STAT_H
| # include <sys/stat.h>
| #endif
| #ifdef STDC_HEADERS
| # include <stdlib.h>
| # include <stddef.h>
| #else
| # ifdef HAVE_STDLIB_H
| #  include <stdlib.h>
| # endif
| #endif
| #ifdef HAVE_STRING_H
| # if !defined STDC_HEADERS && defined HAVE_MEMORY_H
| #  include <memory.h>
| # endif
| # include <string.h>
| #endif
| #ifdef HAVE_STRINGS_H
| # include <strings.h>
| #endif
| #ifdef HAVE_INTTYPES_H
| # include <inttypes.h>
| #endif
| #ifdef HAVE_STDINT_H
| # include <stdint.h>
| #endif
| #ifdef HAVE_UNISTD_H
| # include <unistd.h>
| #endif
| int
| main ()
| {
| if (sizeof ((size_t)))
| 	    return 0;
|   ;
|   return 0;
| }
configure:16737: result: yes
configure:16750: checking for working alloca.h
configure:16767: gcc -o conftest -g -O2   conftest.c  >&5
configure:16767: $? = 0
configure:16775: result: yes
configure:16783: checking for alloca
configure:16820: gcc -o conftest -g -O2   conftest.c  >&5
configure:16820: $? = 0
configure:16828: result: yes
configure:16937: checking for dirent.h that defines DIR
configure:16964: result: yes
configure:16977: checking for library containing opendir
configure:17025: result: none required
configure:17092: checking for ANSI C header files
configure:17196: result: yes
configure:17206: checking for memory.h
configure:17206: result: yes
configure:17218: checking for unistd.h
configure:17218: result: yes
configure:17230: checking ieeefp.h usability
configure:17230: gcc -c -g -O2  conftest.c >&5
conftest.c:64:10: fatal error: ieeefp.h: No such file or directory
 #include <ieeefp.h>
          ^~~~~~~~~~
compilation terminated.
configure:17230: $? = 1
configure: failed program was:
| /* confdefs.h */
| #define PACKAGE_NAME ""
| #define PACKAGE_TARNAME ""
| #define PACKAGE_VERSION ""
| #define PACKAGE_STRING ""
| #define PACKAGE_BUGREPORT ""
| #define PACKAGE_URL ""
| #define USE_UNSTABLE_GEOS_CPP_API 1
| #define STDC_HEADERS 1
| #define HAVE_SYS_TYPES_H 1
| #define HAVE_SYS_STAT_H 1
| #define HAVE_STDLIB_H 1
| #define HAVE_STRING_H 1
| #define HAVE_MEMORY_H 1
| #define HAVE_STRINGS_H 1
| #define HAVE_INTTYPES_H 1
| #define HAVE_STDINT_H 1
| #define HAVE_UNISTD_H 1
| #define HAVE_DLFCN_H 1
| #define LT_OBJDIR ".libs/"
| #define HAVE_DIRENT_H 1
| #define HAVE_STRFTIME 1
| #define HAVE_VPRINTF 1
| #define HAVE_ALLOCA_H 1
| #define HAVE_ALLOCA 1
| #define HAVE_DIRENT_H 1
| #define STDC_HEADERS 1
| #define HAVE_MEMORY_H 1
| #define HAVE_UNISTD_H 1
| /* end confdefs.h.  */
| #include <stdio.h>
| #ifdef HAVE_SYS_TYPES_H
| # include <sys/types.h>
| #endif
| #ifdef HAVE_SYS_STAT_H
| # include <sys/stat.h>
| #endif
| #ifdef STDC_HEADERS
| # include <stdlib.h>
| # include <stddef.h>
| #else
| # ifdef HAVE_STDLIB_H
| #  include <stdlib.h>
| # endif
| #endif
| #ifdef HAVE_STRING_H
| # if !defined STDC_HEADERS && defined HAVE_MEMORY_H
| #  include <memory.h>
| # endif
| # include <string.h>
| #endif
| #ifdef HAVE_STRINGS_H
| # include <strings.h>
| #endif
| #ifdef HAVE_INTTYPES_H
| # include <inttypes.h>
| #endif
| #ifdef HAVE_STDINT_H
| # include <stdint.h>
| #endif
| #ifdef HAVE_UNISTD_H
| # include <unistd.h>
| #endif
| #include <ieeefp.h>
configure:17230: result: no
configure:17230: checking ieeefp.h presence
configure:17230: gcc -E  conftest.c
conftest.c:31:10: fatal error: ieeefp.h: No such file or directory
 #include <ieeefp.h>
          ^~~~~~~~~~
compilation terminated.
configure:17230: $? = 1
configure: failed program was:
| /* confdefs.h */
| #define PACKAGE_NAME ""
| #define PACKAGE_TARNAME ""
| #define PACKAGE_VERSION ""
| #define PACKAGE_STRING ""
| #define PACKAGE_BUGREPORT ""
| #define PACKAGE_URL ""
| #define USE_UNSTABLE_GEOS_CPP_API 1
| #define STDC_HEADERS 1
| #define HAVE_SYS_TYPES_H 1
| #define HAVE_SYS_STAT_H 1
| #define HAVE_STDLIB_H 1
| #define HAVE_STRING_H 1
| #define HAVE_MEMORY_H 1
| #define HAVE_STRINGS_H 1
| #define HAVE_INTTYPES_H 1
| #define HAVE_STDINT_H 1
| #define HAVE_UNISTD_H 1
| #define HAVE_DLFCN_H 1
| #define LT_OBJDIR ".libs/"
| #define HAVE_DIRENT_H 1
| #define HAVE_STRFTIME 1
| #define HAVE_VPRINTF 1
| #define HAVE_ALLOCA_H 1
| #define HAVE_ALLOCA 1
| #define HAVE_DIRENT_H 1
| #define STDC_HEADERS 1
| #define HAVE_MEMORY_H 1
| #define HAVE_UNISTD_H 1
| /* end confdefs.h.  */
| #include <ieeefp.h>
configure:17230: result: no
configure:17230: checking for ieeefp.h
configure:17230: result: no
configure:17242: checking sys/file.h usability
configure:17242: gcc -c -g -O2  conftest.c >&5
configure:17242: $? = 0
configure:17242: result: yes
configure:17242: checking sys/file.h presence
configure:17242: gcc -E  conftest.c
configure:17242: $? = 0
configure:17242: result: yes
configure:17242: checking for sys/file.h
configure:17242: result: yes
configure:17254: checking sys/time.h usability
configure:17254: gcc -c -g -O2  conftest.c >&5
configure:17254: $? = 0
configure:17254: result: yes
configure:17254: checking sys/time.h presence
configure:17254: gcc -E  conftest.c
configure:17254: $? = 0
configure:17254: result: yes
configure:17254: checking for sys/time.h
configure:17254: result: yes
configure:17267: checking for strchr
configure:17267: gcc -o conftest -g -O2   conftest.c  >&5
conftest.c:56:6: warning: conflicting types for built-in function 'strchr' [-Wbuiltin-declaration-mismatch]
 char strchr ();
      ^~~~~~
configure:17267: $? = 0
configure:17267: result: yes
configure:17267: checking for memcpy
configure:17267: gcc -o conftest -g -O2   conftest.c  >&5
conftest.c:57:6: warning: conflicting types for built-in function 'memcpy' [-Wbuiltin-declaration-mismatch]
 char memcpy ();
      ^~~~~~
configure:17267: $? = 0
configure:17267: result: yes
configure:17267: checking for gettimeofday
configure:17267: gcc -o conftest -g -O2   conftest.c  >&5
configure:17267: $? = 0
configure:17267: result: yes
configure:17276: checking whether stat file-mode macros are broken
configure:17303: gcc -c -g -O2  conftest.c >&5
configure:17303: $? = 0
configure:17310: result: no
configure:17318: checking whether struct tm is in sys/time.h or time.h
configure:17338: gcc -c -g -O2  conftest.c >&5
configure:17338: $? = 0
configure:17345: result: time.h
configure:17353: checking for size_t
configure:17353: result: yes
configure:17364: checking for an ANSI C-conforming const
configure:17430: gcc -c -g -O2  conftest.c >&5
configure:17430: $? = 0
configure:17437: result: yes
configure:17488: checking if requested to force inline functions
configure:17495: result: yes
configure:17502: checking if requested to enable assert macros
configure:17509: result: yes
configure:17513: checking if requested libstdc++ debug mode
configure:17520: result: no
configure:17532: checking whether g++ supports C++11 features by default
configure:17826: g++ -c -g -O2  conftest.cpp >&5
configure:17826: $? = 0
configure:17833: result: yes
configure:18192: checking whether C++ compiler accepts -Wsuggest-override -Werror
configure:18211: g++ -c -g -O2  -Wsuggest-override -Werror  conftest.cpp >&5
configure:18211: $? = 0
configure:18219: result: yes
configure:18227: checking whether C++ compiler accepts -Wmissing-override -Werror
configure:18246: g++ -c -g -O2  -Wmissing-override -Werror  conftest.cpp >&5
g++: error: unrecognized command line option '-Wmissing-override'; did you mean '-Wmissing-braces'?
configure:18246: $? = 1
configure: failed program was:
| /* confdefs.h */
| #define PACKAGE_NAME ""
| #define PACKAGE_TARNAME ""
| #define PACKAGE_VERSION ""
| #define PACKAGE_STRING ""
| #define PACKAGE_BUGREPORT ""
| #define PACKAGE_URL ""
| #define USE_UNSTABLE_GEOS_CPP_API 1
| #define STDC_HEADERS 1
| #define HAVE_SYS_TYPES_H 1
| #define HAVE_SYS_STAT_H 1
| #define HAVE_STDLIB_H 1
| #define HAVE_STRING_H 1
| #define HAVE_MEMORY_H 1
| #define HAVE_STRINGS_H 1
| #define HAVE_INTTYPES_H 1
| #define HAVE_STDINT_H 1
| #define HAVE_UNISTD_H 1
| #define HAVE_DLFCN_H 1
| #define LT_OBJDIR ".libs/"
| #define HAVE_DIRENT_H 1
| #define HAVE_STRFTIME 1
| #define HAVE_VPRINTF 1
| #define HAVE_ALLOCA_H 1
| #define HAVE_ALLOCA 1
| #define HAVE_DIRENT_H 1
| #define STDC_HEADERS 1
| #define HAVE_MEMORY_H 1
| #define HAVE_UNISTD_H 1
| #define HAVE_SYS_FILE_H 1
| #define HAVE_SYS_TIME_H 1
| #define HAVE_STRCHR 1
| #define HAVE_MEMCPY 1
| #define HAVE_GETTIMEOFDAY 1
| #define HAVE_CXX11 1
| /* end confdefs.h.  */
| 
| int
| main ()
| {
| 
|   ;
|   return 0;
| }
configure:18254: result: no
configure:18274: checking if g++ supports -pedantic
configure:18292: gcc -c -g -O2  -pedantic conftest.c >&5
configure:18296: $? = 0
configure:18309: result: yes
configure:18318: checking if g++ supports -Wall
configure:18336: gcc -c -g -O2  -Wall conftest.c >&5
configure:18340: $? = 0
configure:18353: result: yes
configure:18362: checking if g++ supports -Wno-long-long
configure:18380: gcc -c -g -O2  -Wno-long-long conftest.c >&5
configure:18384: $? = 0
configure:18397: result: yes
configure:18409: checking if g++ supports -ffloat-store
configure:18427: gcc -c -g -O2  -ffloat-store conftest.c >&5
configure:18431: $? = 0
configure:18444: result: yes
configure:18465: checking for finite
configure:18481: gcc -o conftest -g -O2   conftest.c  -lm >&5
configure:18481: $? = 0
configure:18490: result: yes
configure:18498: checking for isfinite
configure:18514: gcc -o conftest -g -O2   conftest.c  -lm >&5
configure:18514: $? = 0
configure:18523: result: yes
configure:18538: checking for isnan
configure:18554: g++ -o conftest -g -O2   conftest.cpp  -lm >&5
configure:18554: $? = 0
configure:18563: result: yes
configure:18581: checking whether int64_t is 64 bits
configure:18641: gcc -o conftest -g -O2   conftest.c  >&5
conftest.c:40:9: error: unknown type name 'int64_t'
 typedef int64_t ac_int64;
         ^~~~~~~
conftest.c:63:1: warning: return type defaults to 'int' [-Wimplicit-int]
 main() {
 ^~~~
conftest.c: In function 'main':
conftest.c:65:5: warning: implicit declaration of function 'exit' [-Wimplicit-function-declaration]
     exit(0);
     ^~~~
conftest.c:65:5: warning: incompatible implicit declaration of built-in function 'exit'
conftest.c:65:5: note: include '<stdlib.h>' or provide a declaration of 'exit'
conftest.c:66:3: warning: incompatible implicit declaration of built-in function 'exit'
   exit(-1);
   ^~~~
conftest.c:66:3: note: include '<stdlib.h>' or provide a declaration of 'exit'
configure:18641: $? = 1
configure: program exited with status 1
configure: failed program was:
| /* confdefs.h */
| #define PACKAGE_NAME ""
| #define PACKAGE_TARNAME ""
| #define PACKAGE_VERSION ""
| #define PACKAGE_STRING ""
| #define PACKAGE_BUGREPORT ""
| #define PACKAGE_URL ""
| #define USE_UNSTABLE_GEOS_CPP_API 1
| #define STDC_HEADERS 1
| #define HAVE_SYS_TYPES_H 1
| #define HAVE_SYS_STAT_H 1
| #define HAVE_STDLIB_H 1
| #define HAVE_STRING_H 1
| #define HAVE_MEMORY_H 1
| #define HAVE_STRINGS_H 1
| #define HAVE_INTTYPES_H 1
| #define HAVE_STDINT_H 1
| #define HAVE_UNISTD_H 1
| #define HAVE_DLFCN_H 1
| #define LT_OBJDIR ".libs/"
| #define HAVE_DIRENT_H 1
| #define HAVE_STRFTIME 1
| #define HAVE_VPRINTF 1
| #define HAVE_ALLOCA_H 1
| #define HAVE_ALLOCA 1
| #define HAVE_DIRENT_H 1
| #define STDC_HEADERS 1
| #define HAVE_MEMORY_H 1
| #define HAVE_UNISTD_H 1
| #define HAVE_SYS_FILE_H 1
| #define HAVE_SYS_TIME_H 1
| #define HAVE_STRCHR 1
| #define HAVE_MEMCPY 1
| #define HAVE_GETTIMEOFDAY 1
| #define HAVE_CXX11 1
| #define HAVE_FINITE 1
| #define HAVE_ISFINITE 1
| #define HAVE_ISNAN 1
| /* end confdefs.h.  */
| typedef int64_t ac_int64;
| 
| /*
|  * These are globals to discourage the compiler from folding all the
|  * arithmetic tests down to compile-time constants.
|  */
| ac_int64 a = 20000001;
| ac_int64 b = 40000005;
| 
| int does_int64_work()
| {
|   ac_int64 c,d;
| 
|   if (sizeof(ac_int64) != 8)
|     return 0;			/* definitely not the right size */
| 
|   /* Do perfunctory checks to see if 64-bit arithmetic seems to work */
|   c = a * b;
|   d = (c + b) / b;
|   if (d != a+1)
|     return 0;
|   return 1;
| }
| main() {
|   if (does_int64_work())
|     exit(0);
|   exit(-1);
| }
configure:18651: result: no
configure:18662: checking whether long long int is 64 bits
configure:18722: gcc -o conftest -g -O2   conftest.c  >&5
conftest.c:63:1: warning: return type defaults to 'int' [-Wimplicit-int]
 main() {
 ^~~~
conftest.c: In function 'main':
conftest.c:65:5: warning: implicit declaration of function 'exit' [-Wimplicit-function-declaration]
     exit(0);
     ^~~~
conftest.c:65:5: warning: incompatible implicit declaration of built-in function 'exit'
conftest.c:65:5: note: include '<stdlib.h>' or provide a declaration of 'exit'
conftest.c:66:3: warning: incompatible implicit declaration of built-in function 'exit'
   exit(-1);
   ^~~~
conftest.c:66:3: note: include '<stdlib.h>' or provide a declaration of 'exit'
configure:18722: $? = 0
configure:18722: ./conftest
configure:18722: $? = 0
configure:18732: result: yes
configure:19433: checking OS-specific settings
configure:19598: checking that generated files are newer than configure
configure:19604: result: done
configure:19647: creating ./config.status

## ---------------------- ##
## Running config.status. ##
## ---------------------- ##

This file was extended by config.status, which was
generated by GNU Autoconf 2.69.  Invocation command line was

  CONFIG_FILES    = 
  CONFIG_HEADERS  = 
  CONFIG_LINKS    = 
  CONFIG_COMMANDS = 
  $ ./config.status 

on X230-ubuntu

config.status:1333: creating Makefile
config.status:1333: creating capi/Makefile
config.status:1333: creating capi/geos_c.h
config.status:1333: creating doc/Doxyfile
config.status:1333: creating doc/Makefile
config.status:1333: creating macros/Makefile
config.status:1333: creating src/Makefile
config.status:1333: creating src/algorithm/Makefile
config.status:1333: creating src/algorithm/locate/Makefile
config.status:1333: creating src/algorithm/distance/Makefile
config.status:1333: creating src/geom/Makefile
config.status:1333: creating src/geom/prep/Makefile
config.status:1333: creating src/geom/util/Makefile
config.status:1333: creating src/geomgraph/Makefile
config.status:1333: creating src/geomgraph/index/Makefile
config.status:1333: creating include/Makefile
config.status:1333: creating include/geos/Makefile
config.status:1333: creating include/geos/algorithm/Makefile
config.status:1333: creating include/geos/algorithm/locate/Makefile
config.status:1333: creating include/geos/algorithm/distance/Makefile
config.status:1333: creating include/geos/geom/Makefile
config.status:1333: creating include/geos/geom/prep/Makefile
config.status:1333: creating include/geos/geom/util/Makefile
config.status:1333: creating include/geos/geomgraph/Makefile
config.status:1333: creating include/geos/geomgraph/index/Makefile
config.status:1333: creating include/geos/index/Makefile
config.status:1333: creating include/geos/index/bintree/Makefile
config.status:1333: creating include/geos/index/chain/Makefile
config.status:1333: creating include/geos/index/intervalrtree/Makefile
config.status:1333: creating include/geos/index/quadtree/Makefile
config.status:1333: creating include/geos/index/strtree/Makefile
config.status:1333: creating include/geos/index/sweepline/Makefile
config.status:1333: creating include/geos/io/Makefile
config.status:1333: creating include/geos/linearref/Makefile
config.status:1333: creating include/geos/noding/Makefile
config.status:1333: creating include/geos/noding/snapround/Makefile
config.status:1333: creating include/geos/operation/Makefile
config.status:1333: creating include/geos/operation/buffer/Makefile
config.status:1333: creating include/geos/operation/distance/Makefile
config.status:1333: creating include/geos/operation/intersection/Makefile
config.status:1333: creating include/geos/operation/linemerge/Makefile
config.status:1333: creating include/geos/operation/overlay/Makefile
config.status:1333: creating include/geos/operation/overlay/snap/Makefile
config.status:1333: creating include/geos/operation/polygonize/Makefile
config.status:1333: creating include/geos/operation/predicate/Makefile
config.status:1333: creating include/geos/operation/relate/Makefile
config.status:1333: creating include/geos/operation/sharedpaths/Makefile
config.status:1333: creating include/geos/operation/union/Makefile
config.status:1333: creating include/geos/operation/valid/Makefile
config.status:1333: creating include/geos/planargraph/Makefile
config.status:1333: creating include/geos/planargraph/algorithm/Makefile
config.status:1333: creating include/geos/precision/Makefile
config.status:1333: creating include/geos/simplify/Makefile
config.status:1333: creating include/geos/triangulate/Makefile
config.status:1333: creating include/geos/triangulate/quadedge/Makefile
config.status:1333: creating include/geos/util/Makefile
config.status:1333: creating include/geos/version.h
config.status:1333: creating src/index/Makefile
config.status:1333: creating src/index/bintree/Makefile
config.status:1333: creating src/index/chain/Makefile
config.status:1333: creating src/index/intervalrtree/Makefile
config.status:1333: creating src/index/quadtree/Makefile
config.status:1333: creating src/index/strtree/Makefile
config.status:1333: creating src/index/sweepline/Makefile
config.status:1333: creating src/io/Makefile
config.status:1333: creating src/linearref/Makefile
config.status:1333: creating src/noding/Makefile
config.status:1333: creating src/noding/snapround/Makefile
config.status:1333: creating src/operation/Makefile
config.status:1333: creating src/operation/buffer/Makefile
config.status:1333: creating src/operation/distance/Makefile
config.status:1333: creating src/operation/intersection/Makefile
config.status:1333: creating src/operation/linemerge/Makefile
config.status:1333: creating src/operation/overlay/Makefile
config.status:1333: creating src/operation/polygonize/Makefile
config.status:1333: creating src/operation/predicate/Makefile
config.status:1333: creating src/operation/relate/Makefile
config.status:1333: creating src/operation/sharedpaths/Makefile
config.status:1333: creating src/operation/union/Makefile
config.status:1333: creating src/operation/valid/Makefile
config.status:1333: creating src/planargraph/Makefile
config.status:1333: creating src/precision/Makefile
config.status:1333: creating src/simplify/Makefile
config.status:1333: creating src/triangulate/Makefile
config.status:1333: creating src/triangulate/quadedge/Makefile
config.status:1333: creating src/util/Makefile
config.status:1333: creating swig/geos.i
config.status:1333: creating swig/Makefile
config.status:1333: creating swig/python/Makefile
config.status:1333: creating swig/python/tests/Makefile
config.status:1333: creating swig/ruby/Makefile
config.status:1333: creating swig/ruby/test/Makefile
config.status:1333: creating tests/Makefile
config.status:1333: creating tests/bigtest/Makefile
config.status:1333: creating tests/unit/Makefile
config.status:1333: creating tests/perf/Makefile
config.status:1333: creating tests/perf/operation/Makefile
config.status:1333: creating tests/perf/operation/buffer/Makefile
config.status:1333: creating tests/perf/operation/predicate/Makefile
config.status:1333: creating tests/perf/capi/Makefile
config.status:1333: creating tests/xmltester/Makefile
config.status:1333: creating tests/geostest/Makefile
config.status:1333: creating tests/thread/Makefile
config.status:1333: creating tools/Makefile
config.status:1333: creating tools/geos-config
config.status:1333: creating include/config.h
config.status:1514: include/config.h is unchanged
config.status:1333: creating include/geos/platform.h
config.status:1514: include/geos/platform.h is unchanged
config.status:1562: executing depfiles commands
config.status:1562: executing libtool commands

## ---------------- ##
## Cache variables. ##
## ---------------- ##

ac_cv_build=x86_64-pc-linux-gnu
ac_cv_c_compiler_gnu=yes
ac_cv_c_const=yes
ac_cv_cxx_compiler_gnu=yes
ac_cv_env_CCC_set=
ac_cv_env_CCC_value=
ac_cv_env_CC_set=
ac_cv_env_CC_value=
ac_cv_env_CFLAGS_set=
ac_cv_env_CFLAGS_value=
ac_cv_env_CPPFLAGS_set=
ac_cv_env_CPPFLAGS_value=
ac_cv_env_CPP_set=
ac_cv_env_CPP_value=
ac_cv_env_CXXCPP_set=
ac_cv_env_CXXCPP_value=
ac_cv_env_CXXFLAGS_set=
ac_cv_env_CXXFLAGS_value=
ac_cv_env_CXX_set=
ac_cv_env_CXX_value=
ac_cv_env_LDFLAGS_set=
ac_cv_env_LDFLAGS_value=
ac_cv_env_LIBS_set=
ac_cv_env_LIBS_value=
ac_cv_env_LT_SYS_LIBRARY_PATH_set=
ac_cv_env_LT_SYS_LIBRARY_PATH_value=
ac_cv_env_PYTHON_set=
ac_cv_env_PYTHON_value=
ac_cv_env_build_alias_set=
ac_cv_env_build_alias_value=
ac_cv_env_host_alias_set=
ac_cv_env_host_alias_value=
ac_cv_env_target_alias_set=
ac_cv_env_target_alias_value=
ac_cv_finite=yes
ac_cv_func__doprnt=no
ac_cv_func_alloca_works=yes
ac_cv_func_closedir_void=no
ac_cv_func_dlopen=no
ac_cv_func_gettimeofday=yes
ac_cv_func_memcmp_working=yes
ac_cv_func_memcpy=yes
ac_cv_func_shl_load=no
ac_cv_func_strchr=yes
ac_cv_func_strftime=yes
ac_cv_func_vprintf=yes
ac_cv_header_dirent_dirent_h=yes
ac_cv_header_dlfcn_h=yes
ac_cv_header_ieeefp_h=no
ac_cv_header_inttypes_h=yes
ac_cv_header_memory_h=yes
ac_cv_header_stat_broken=no
ac_cv_header_stdc=yes
ac_cv_header_stdint_h=yes
ac_cv_header_stdlib_h=yes
ac_cv_header_string_h=yes
ac_cv_header_strings_h=yes
ac_cv_header_sys_file_h=yes
ac_cv_header_sys_stat_h=yes
ac_cv_header_sys_time_h=yes
ac_cv_header_sys_types_h=yes
ac_cv_header_unistd_h=yes
ac_cv_host=x86_64-pc-linux-gnu
ac_cv_isfinite=yes
ac_cv_isnan=yes
ac_cv_lib_dl_dlopen=yes
ac_cv_lib_dld_shl_load=no
ac_cv_objext=o
ac_cv_path_EGREP='/bin/grep -E'
ac_cv_path_FGREP='/bin/grep -F'
ac_cv_path_GREP=/bin/grep
ac_cv_path_SED=/bin/sed
ac_cv_path_install='/usr/bin/install -c'
ac_cv_path_lt_DD=/bin/dd
ac_cv_path_mkdir=/bin/mkdir
ac_cv_prog_AWK=mawk
ac_cv_prog_CPP='gcc -E'
ac_cv_prog_CXXCPP='g++ -E'
ac_cv_prog_ac_ct_AR=ar
ac_cv_prog_ac_ct_CC=gcc
ac_cv_prog_ac_ct_CXX=g++
ac_cv_prog_ac_ct_DLLTOOL=dlltool
ac_cv_prog_ac_ct_MANIFEST_TOOL=mt
ac_cv_prog_ac_ct_OBJDUMP=objdump
ac_cv_prog_ac_ct_RANLIB=ranlib
ac_cv_prog_ac_ct_STRIP=strip
ac_cv_prog_cc_c89=
ac_cv_prog_cc_g=yes
ac_cv_prog_cxx_g=yes
ac_cv_prog_make_make_set=yes
ac_cv_search_opendir='none required'
ac_cv_search_strerror='none required'
ac_cv_struct_tm=time.h
ac_cv_target=x86_64-pc-linux-gnu
ac_cv_type_size_t=yes
ac_cv_working_alloca_h=yes
am_cv_CC_dependencies_compiler_type=gcc3
am_cv_CXX_dependencies_compiler_type=gcc3
am_cv_make_support_nested_variables=yes
am_cv_prog_cc_c_o=yes
ax_cv_check_cxxflags___Wmissing_override__Werror=no
ax_cv_check_cxxflags___Wsuggest_override__Werror=yes
ax_cv_cxx_compile_cxx11=yes
dummy_cv_ffloat_store=yes
dummy_cv_pedantic=yes
dummy_cv_wall=yes
dummy_cv_wno_long_long=yes
lt_cv_ar_at_file=@
lt_cv_archive_cmds_need_lc=no
lt_cv_deplibs_check_method=pass_all
lt_cv_dlopen=dlopen
lt_cv_dlopen_libs=-ldl
lt_cv_dlopen_self=yes
lt_cv_dlopen_self_static=no
lt_cv_file_magic_cmd='$MAGIC_CMD'
lt_cv_file_magic_test_file=
lt_cv_ld_reload_flag=-r
lt_cv_nm_interface='BSD nm'
lt_cv_objdir=.libs
lt_cv_path_LD=/usr/bin/ld
lt_cv_path_LDCXX='/usr/bin/ld -m elf_x86_64'
lt_cv_path_NM='/usr/bin/nm -B'
lt_cv_path_mainfest_tool=no
lt_cv_prog_compiler_c_o=yes
lt_cv_prog_compiler_c_o_CXX=yes
lt_cv_prog_compiler_pic='-fPIC -DPIC'
lt_cv_prog_compiler_pic_CXX='-fPIC -DPIC'
lt_cv_prog_compiler_pic_works=yes
lt_cv_prog_compiler_pic_works_CXX=yes
lt_cv_prog_compiler_rtti_exceptions=no
lt_cv_prog_compiler_static_works=yes
lt_cv_prog_compiler_static_works_CXX=yes
lt_cv_prog_gnu_ld=yes
lt_cv_prog_gnu_ldcxx=yes
lt_cv_sharedlib_from_linklib_cmd='printf %s\n'
lt_cv_shlibpath_overrides_runpath=yes
lt_cv_sys_global_symbol_pipe='sed -n -e '\''s/^.*[	 ]\([ABCDGIRSTW][ABCDGIRSTW]*\)[	 ][	 ]*\([_A-Za-z][_A-Za-z0-9]*\)$/\1 \2 \2/p'\'' | sed '\''/ __gnu_lto/d'\'''
lt_cv_sys_global_symbol_to_c_name_address='sed -n -e '\''s/^: \(.*\) .*$/  {"\1", (void *) 0},/p'\'' -e '\''s/^[ABCDGIRSTW][ABCDGIRSTW]* .* \(.*\)$/  {"\1", (void *) \&\1},/p'\'''
lt_cv_sys_global_symbol_to_c_name_address_lib_prefix='sed -n -e '\''s/^: \(.*\) .*$/  {"\1", (void *) 0},/p'\'' -e '\''s/^[ABCDGIRSTW][ABCDGIRSTW]* .* \(lib.*\)$/  {"\1", (void *) \&\1},/p'\'' -e '\''s/^[ABCDGIRSTW][ABCDGIRSTW]* .* \(.*\)$/  {"lib\1", (void *) \&\1},/p'\'''
lt_cv_sys_global_symbol_to_cdecl='sed -n -e '\''s/^T .* \(.*\)$/extern int \1();/p'\'' -e '\''s/^[ABCDGIRSTW][ABCDGIRSTW]* .* \(.*\)$/extern char \1;/p'\'''
lt_cv_sys_global_symbol_to_import=
lt_cv_sys_max_cmd_len=1572864
lt_cv_to_host_file_cmd=func_convert_file_noop
lt_cv_to_tool_file_cmd=func_convert_file_noop
lt_cv_truncate_bin='/bin/dd bs=4096 count=1'
pgac_cv_type_int64_t_64=no
pgac_cv_type_long_long_int_64=yes

## ----------------- ##
## Output variables. ##
## ----------------- ##

ACLOCAL='${SHELL} /opt/lampp/htdocs/SIMTR/geos-3.7.0beta1/missing aclocal-1.15'
ALLOCA=''
AMDEPBACKSLASH='\'
AMDEP_FALSE='#'
AMDEP_TRUE=''
AMTAR='$${TAR-tar}'
AM_BACKSLASH='\'
AM_CFLAGS='  -Wsuggest-override -pedantic -Wall -Wno-long-long  -ffloat-store -DUSE_UNSTABLE_GEOS_CPP_API'
AM_CXXFLAGS=' -DGEOS_INLINE  -Wsuggest-override -pedantic -Wall -Wno-long-long  -ffloat-store -DUSE_UNSTABLE_GEOS_CPP_API'
AM_DEFAULT_V='$(AM_DEFAULT_VERBOSITY)'
AM_DEFAULT_VERBOSITY='1'
AM_V='$(V)'
AR='ar'
AS='as'
AUTOCONF='${SHELL} /opt/lampp/htdocs/SIMTR/geos-3.7.0beta1/missing autoconf'
AUTOHEADER='${SHELL} /opt/lampp/htdocs/SIMTR/geos-3.7.0beta1/missing autoheader'
AUTOMAKE='${SHELL} /opt/lampp/htdocs/SIMTR/geos-3.7.0beta1/missing automake-1.15'
AWK='mawk'
CAPI_INTERFACE_AGE='11'
CAPI_INTERFACE_CURRENT='12'
CAPI_INTERFACE_REVISION='0'
CAPI_VERSION='1.11.0'
CAPI_VERSION_MAJOR='1'
CAPI_VERSION_MINOR='11'
CAPI_VERSION_PATCH='0'
CC='gcc'
CCDEPMODE='depmode=gcc3'
CFLAGS='-g -O2'
CPP='gcc -E'
CPPFLAGS=''
CXX='g++'
CXXCPP='g++ -E'
CXXDEPMODE='depmode=gcc3'
CXXFLAGS='-g -O2'
CYGPATH_W='echo'
DEFS='-DHAVE_CONFIG_H'
DEPDIR='.deps'
DLLTOOL='dlltool'
DSYMUTIL=''
DUMPBIN=''
ECHO_C=''
ECHO_N='-n'
ECHO_T=''
EGREP='/bin/grep -E'
ENABLE_PYTHON_FALSE=''
ENABLE_PYTHON_TRUE='#'
ENABLE_RUBY_FALSE=''
ENABLE_RUBY_TRUE='#'
ENABLE_SWIG_FALSE=''
ENABLE_SWIG_TRUE='#'
EXEEXT=''
FGREP='/bin/grep -F'
GREP='/bin/grep'
HAVE_CXX11='1'
INLINE_FLAGS='-DGEOS_INLINE'
INSTALL_DATA='${INSTALL} -m 644'
INSTALL_PROGRAM='${INSTALL}'
INSTALL_SCRIPT='${INSTALL}'
INSTALL_STRIP_PROGRAM='$(install_sh) -c -s'
INTERFACE_AGE=''
INTERFACE_CURRENT=''
INTERFACE_REVISION=''
JTS_PORT='1.13.0'
LD='/usr/bin/ld -m elf_x86_64'
LDFLAGS=''
LIBOBJS=''
LIBS=''
LIBTOOL='$(SHELL) $(top_builddir)/libtool'
LIPO=''
LN_S='ln -s'
LTLIBOBJS=''
LT_SYS_LIBRARY_PATH=''
MAINT='#'
MAINTAINER_MODE_FALSE=''
MAINTAINER_MODE_TRUE='#'
MAKEINFO='${SHELL} /opt/lampp/htdocs/SIMTR/geos-3.7.0beta1/missing makeinfo'
MANIFEST_TOOL=':'
MKDIR_P='/bin/mkdir -p'
NM='/usr/bin/nm -B'
NMEDIT=''
OBJDUMP='objdump'
OBJEXT='o'
OTOOL64=''
OTOOL=''
PACKAGE='geos'
PACKAGE_BUGREPORT=''
PACKAGE_NAME=''
PACKAGE_STRING=''
PACKAGE_TARNAME=''
PACKAGE_URL=''
PACKAGE_VERSION=''
PATH_SEPARATOR=':'
PYTHON=''
PYTHON_CPPFLAGS=''
PYTHON_EXEC_PREFIX=''
PYTHON_EXTRA_LIBS=''
PYTHON_LDFLAGS=''
PYTHON_PLATFORM=''
PYTHON_PREFIX=''
PYTHON_SITE_PKG=''
PYTHON_VERSION=''
RANLIB='ranlib'
RUBY=''
RUBY_ARCH_INCLUDE_DIR=''
RUBY_ARCH_LIB_DIR=''
RUBY_BIN_DIR=''
RUBY_EXTENSION_DIR=''
RUBY_INCLUDE_DIR=''
RUBY_LIB_DIR=''
RUBY_SHARED_LIB=''
RUBY_SITE_ARCH=''
RUBY_SO_NAME=''
RUBY_VERSION=''
SED='/bin/sed'
SET_MAKE=''
SHELL='/bin/bash'
STRIP='strip'
SWIG=''
SWIG_LIB=''
SWIG_PYTHON_CPPFLAGS=''
SWIG_PYTHON_OPT=''
VERSION='3.7.0beta1'
VERSION_MAJOR='3'
VERSION_MINOR='7'
VERSION_PATCH='0beta1'
VERSION_RELEASE='3.7.0'
ac_ct_AR='ar'
ac_ct_CC='gcc'
ac_ct_CXX='g++'
ac_ct_DUMPBIN=''
am__EXEEXT_FALSE=''
am__EXEEXT_TRUE='#'
am__fastdepCC_FALSE='#'
am__fastdepCC_TRUE=''
am__fastdepCXX_FALSE='#'
am__fastdepCXX_TRUE=''
am__include='include'
am__isrc=''
am__leading_dot='.'
am__nodep='_no'
am__quote=''
am__tar='$${TAR-tar} chof - "$$tardir"'
am__untar='$${TAR-tar} xf -'
bindir='${exec_prefix}/bin'
build='x86_64-pc-linux-gnu'
build_alias=''
build_cpu='x86_64'
build_os='linux-gnu'
build_vendor='pc'
datadir='${datarootdir}'
datarootdir='${prefix}/share'
docdir='${datarootdir}/doc/${PACKAGE}'
dvidir='${docdir}'
exec_prefix='${prefix}'
host='x86_64-pc-linux-gnu'
host_alias=''
host_cpu='x86_64'
host_os='linux-gnu'
host_vendor='pc'
htmldir='${docdir}'
includedir='${prefix}/include'
infodir='${datarootdir}/info'
install_sh='${SHELL} /opt/lampp/htdocs/SIMTR/geos-3.7.0beta1/install-sh'
libdir='${exec_prefix}/lib'
libexecdir='${exec_prefix}/libexec'
localedir='${datarootdir}/locale'
localstatedir='${prefix}/var'
mandir='${datarootdir}/man'
mkdir_p='$(MKDIR_P)'
oldincludedir='/usr/include'
pdfdir='${docdir}'
pkgpyexecdir=''
pkgpythondir=''
prefix='/usr/local'
program_transform_name='s,x,x,'
psdir='${docdir}'
pyexecdir=''
pythondir=''
runstatedir='${localstatedir}/run'
sbindir='${exec_prefix}/sbin'
sharedstatedir='${prefix}/com'
sysconfdir='${prefix}/etc'
target='x86_64-pc-linux-gnu'
target_alias=''
target_cpu='x86_64'
target_os='linux-gnu'
target_vendor='pc'

## ----------- ##
## confdefs.h. ##
## ----------- ##

/* confdefs.h */
#define PACKAGE_NAME ""
#define PACKAGE_TARNAME ""
#define PACKAGE_VERSION ""
#define PACKAGE_STRING ""
#define PACKAGE_BUGREPORT ""
#define PACKAGE_URL ""
#define USE_UNSTABLE_GEOS_CPP_API 1
#define STDC_HEADERS 1
#define HAVE_SYS_TYPES_H 1
#define HAVE_SYS_STAT_H 1
#define HAVE_STDLIB_H 1
#define HAVE_STRING_H 1
#define HAVE_MEMORY_H 1
#define HAVE_STRINGS_H 1
#define HAVE_INTTYPES_H 1
#define HAVE_STDINT_H 1
#define HAVE_UNISTD_H 1
#define HAVE_DLFCN_H 1
#define LT_OBJDIR ".libs/"
#define HAVE_DIRENT_H 1
#define HAVE_STRFTIME 1
#define HAVE_VPRINTF 1
#define HAVE_ALLOCA_H 1
#define HAVE_ALLOCA 1
#define HAVE_DIRENT_H 1
#define STDC_HEADERS 1
#define HAVE_MEMORY_H 1
#define HAVE_UNISTD_H 1
#define HAVE_SYS_FILE_H 1
#define HAVE_SYS_TIME_H 1
#define HAVE_STRCHR 1
#define HAVE_MEMCPY 1
#define HAVE_GETTIMEOFDAY 1
#define HAVE_CXX11 1
#define HAVE_FINITE 1
#define HAVE_ISFINITE 1
#define HAVE_ISNAN 1
#define HAVE_LONG_LONG_INT_64 1

configure: exit 0
